<?xml version="1.0" encoding="UTF-8"?>
<testsuite name="org.example.training.program.ProgramTest" tests="4" skipped="0" failures="0" errors="0" timestamp="2022-02-23T00:18:18" hostname="Jasons-MacBook-Pro.local" time="0.09">
  <properties/>
  <testcase name="totalTest()" classname="org.example.training.program.ProgramTest" time="0.073"/>
  <testcase name="jsonDataTest()" classname="org.example.training.program.ProgramTest" time="0.003"/>
  <testcase name="maxTest()" classname="org.example.training.program.ProgramTest" time="0.004"/>
  <testcase name="countTest()" classname="org.example.training.program.ProgramTest" time="0.007"/>
  <system-out><![CDATA[]]></system-out>
  <system-err><![CDATA[]]></system-err>
</testsuite>
